[debug] [2022-10-27T12:21:38.862Z] ----------------------------------------------------------------------
[debug] [2022-10-27T12:21:38.867Z] Command:       C:\Program Files\nodejs\node.exe C:\Users\walton\AppData\Roaming\npm\node_modules\firebase-tools\lib\bin\firebase.js init
[debug] [2022-10-27T12:21:38.868Z] CLI Version:   11.15.0
[debug] [2022-10-27T12:21:38.869Z] Platform:      win32
[debug] [2022-10-27T12:21:38.869Z] Node Version:  v18.7.0
[debug] [2022-10-27T12:21:38.881Z] Time:          Thu Oct 27 2022 18:21:38 GMT+0600 (Bangladesh Standard Time)
[debug] [2022-10-27T12:21:38.882Z] ----------------------------------------------------------------------
[debug] 
[debug] [2022-10-27T12:21:39.042Z] > command requires scopes: ["email","openid","https://www.googleapis.com/auth/cloudplatformprojects.readonly","https://www.googleapis.com/auth/firebase","https://www.googleapis.com/auth/cloud-platform"]
[debug] [2022-10-27T12:21:39.043Z] > authorizing via signed-in user (sabbirbscl@gmail.com)
[info] 
     ######## #### ########  ######## ########     ###     ######  ########
     ##        ##  ##     ## ##       ##     ##  ##   ##  ##       ##
     ######    ##  ########  ######   ########  #########  ######  ######
     ##        ##  ##    ##  ##       ##     ## ##     ##       ## ##
     ##       #### ##     ## ######## ########  ##     ##  ######  ########

You're about to initialize a Firebase project in this directory:

  C:\git-clone-file\10th Milestone\assignment-10\course-arena-client

Before we get started, keep in mind:

  * You are currently outside your home directory
  * You are initializing within an existing Firebase project directory

[info] 
=== Project Setup
[info] 
[info] First, let's associate this project directory with a Firebase project.
[info] You can create multiple project aliases by running firebase use --add, 
[info] but for now we'll just set up a default project.
[info] 
[debug] [2022-10-27T12:22:25.137Z] Using project from CLI flag: course-arena
[debug] [2022-10-27T12:22:25.145Z] >>> [apiv2][query] GET https://firebase.googleapis.com/v1beta1/projects/course-arena [none]
[debug] [2022-10-27T12:22:26.283Z] <<< [apiv2][status] GET https://firebase.googleapis.com/v1beta1/projects/course-arena 200
[debug] [2022-10-27T12:22:26.283Z] <<< [apiv2][body] GET https://firebase.googleapis.com/v1beta1/projects/course-arena {"projectId":"course-arena","projectNumber":"334240625554","displayName":"course-arena","name":"projects/course-arena","resources":{"hostingSite":"course-arena"},"state":"ACTIVE","etag":"1_9ba6da3d-1ba0-459b-83b6-465636fd579f"}
[info] i  Using project course-arena (course-arena) 
[info] 
=== Hosting Setup
[info] 
[info] Your public directory is the folder (relative to your project directory) that
[info] will contain Hosting assets to be uploaded with firebase deploy. If you
[info] have a build process for your assets, use your build's output directory.
[info] 
